;  LST file generated by mikroListExporter - v.2.0 
; Date/Time: 13/11/2025 0:37:56
;----------------------------------------------

;Address Opcode 	ASM
0x0000	0x2B66      	GOTO       870
_Div_16X16_U:
;__Lib_Math.c,215 :: 		
;__Lib_Math.c,222 :: 		
0x0003	0x1283      	BCF        STATUS, 5
;__Lib_Math.c,223 :: 		
0x0004	0x1303      	BCF        STATUS, 6
;__Lib_Math.c,224 :: 		
0x0005	0x01F8      	CLRF       R8
;__Lib_Math.c,225 :: 		
0x0006	0x01F9      	CLRF       R9
;__Lib_Math.c,226 :: 		
0x0007	0x3010      	MOVLW      16
;__Lib_Math.c,227 :: 		
0x0008	0x00FC      	MOVWF      R12
;__Lib_Math.c,228 :: 		
0x0009	0x0D71      	RLF        R1, 0
;__Lib_Math.c,229 :: 		
0x000A	0x0DF8      	RLF        R8, 1
;__Lib_Math.c,230 :: 		
0x000B	0x0DF9      	RLF        R9, 1
;__Lib_Math.c,231 :: 		
0x000C	0x0874      	MOVF       R4, 0
;__Lib_Math.c,232 :: 		
0x000D	0x02F8      	SUBWF      R8, 1
;__Lib_Math.c,233 :: 		
0x000E	0x0875      	MOVF       R5, 0
;__Lib_Math.c,234 :: 		
0x000F	0x1C03      	BTFSS      STATUS, 0
;__Lib_Math.c,235 :: 		
0x0010	0x0F75      	INCFSZ     R5, 0
;__Lib_Math.c,236 :: 		
0x0011	0x02F9      	SUBWF      R9, 1
;__Lib_Math.c,237 :: 		
0x0012	0x1803      	BTFSC      STATUS, 0
;__Lib_Math.c,238 :: 		
0x0013	0x281B      	GOTO       $+8
;__Lib_Math.c,239 :: 		
0x0014	0x0874      	MOVF       R4, 0
;__Lib_Math.c,240 :: 		
0x0015	0x07F8      	ADDWF      R8, 1
;__Lib_Math.c,241 :: 		
0x0016	0x0875      	MOVF       R5, 0
;__Lib_Math.c,242 :: 		
0x0017	0x1803      	BTFSC      STATUS, 0
;__Lib_Math.c,243 :: 		
0x0018	0x0F75      	INCFSZ     R5, 0
;__Lib_Math.c,244 :: 		
0x0019	0x07F9      	ADDWF      R9, 1
;__Lib_Math.c,245 :: 		
0x001A	0x1003      	BCF        STATUS, 0
;__Lib_Math.c,246 :: 		
0x001B	0x0DF0      	RLF        R0, 1
;__Lib_Math.c,247 :: 		
0x001C	0x0DF1      	RLF        R1, 1
;__Lib_Math.c,248 :: 		
0x001D	0x0BFC      	DECFSZ     R12, 1
;__Lib_Math.c,249 :: 		
0x001E	0x2809      	GOTO       $-21
;__Lib_Math.c,251 :: 		
L_end_Div_16X16_U:
0x001F	0x0008      	RETURN
; end of _Div_16X16_U
_Delay_Cyc:
;__Lib_Delays.c,65 :: 		void Delay_Cyc(char cycles_div_by_10)  { // Cycles_div_by_10: min 3, max 255
;__Lib_Delays.c,67 :: 		--cycles_div_by_10;
0x0020	0x1283      	BCF        STATUS, 5
0x0021	0x1303      	BCF        STATUS, 6
0x0022	0x03B2      	DECF       FARG_Delay_Cyc_cycles_div_by_10, 1
;__Lib_Delays.c,68 :: 		--cycles_div_by_10;
0x0023	0x03B2      	DECF       FARG_Delay_Cyc_cycles_div_by_10, 1
;__Lib_Delays.c,69 :: 		while (cycles_div_by_10 > 0) {
L_Delay_Cyc13:
0x0024	0x0832      	MOVF       FARG_Delay_Cyc_cycles_div_by_10, 0
0x0025	0x3C00      	SUBLW      0
0x0026	0x1803      	BTFSC      STATUS, 0
0x0027	0x282D      	GOTO       L_Delay_Cyc14
;__Lib_Delays.c,70 :: 		--cycles_div_by_10;
0x0028	0x03B2      	DECF       FARG_Delay_Cyc_cycles_div_by_10, 1
;__Lib_Delays.c,71 :: 		asm nop;
0x0029	0x0000      	NOP
;__Lib_Delays.c,72 :: 		asm nop;
0x002A	0x0000      	NOP
;__Lib_Delays.c,73 :: 		asm nop;
0x002B	0x0000      	NOP
;__Lib_Delays.c,74 :: 		}
0x002C	0x2824      	GOTO       L_Delay_Cyc13
L_Delay_Cyc14:
;__Lib_Delays.c,75 :: 		asm nop;
0x002D	0x0000      	NOP
;__Lib_Delays.c,76 :: 		asm nop;
0x002E	0x0000      	NOP
;__Lib_Delays.c,77 :: 		asm nop;
0x002F	0x0000      	NOP
;__Lib_Delays.c,78 :: 		asm nop;
0x0030	0x0000      	NOP
;__Lib_Delays.c,79 :: 		asm nop;
0x0031	0x0000      	NOP
;__Lib_Delays.c,80 :: 		}
L_end_Delay_Cyc:
0x0032	0x0008      	RETURN
; end of _Delay_Cyc
_Get_Fosc_kHz:
;__Lib_Delays.c,1 :: 		unsigned long Get_Fosc_kHz(){
;__Lib_Delays.c,3 :: 		return Clock_kHz();
0x0033	0x3040      	MOVLW      64
0x0034	0x1283      	BCF        STATUS, 5
0x0035	0x1303      	BCF        STATUS, 6
0x0036	0x00F0      	MOVWF      R0
0x0037	0x301F      	MOVLW      31
0x0038	0x00F1      	MOVWF      R0+1
0x0039	0x01F2      	CLRF       R0+2
0x003A	0x01F3      	CLRF       R0+3
;__Lib_Delays.c,5 :: 		}
L_end_Get_Fosc_kHz:
0x003B	0x0008      	RETURN
; end of _Get_Fosc_kHz
_Div_32x32_U:
;__Lib_Math.c,1318 :: 		
;__Lib_Math.c,1327 :: 		
;__Lib_Math.c,1329 :: 		
0x003C	0x1283      	BCF        STATUS, 5
;__Lib_Math.c,1330 :: 		
0x003D	0x1303      	BCF        STATUS, 6
;__Lib_Math.c,1331 :: 		
0x003E	0x01FB      	CLRF       R11
;__Lib_Math.c,1332 :: 		
0x003F	0x01FA      	CLRF       R10
;__Lib_Math.c,1333 :: 		
0x0040	0x01F9      	CLRF       R9
;__Lib_Math.c,1334 :: 		
0x0041	0x01F8      	CLRF       R8
;__Lib_Math.c,1336 :: 		
0x0042	0x01A0      	CLRF       ___math_tempb
;__Lib_Math.c,1338 :: 		
0x0043	0x0D73      	RLF        R3, 0
;__Lib_Math.c,1339 :: 		
0x0044	0x0DF8      	RLF        R8, 1
;__Lib_Math.c,1340 :: 		
0x0045	0x0874      	MOVF       R4, 0
;__Lib_Math.c,1341 :: 		
0x0046	0x02F8      	SUBWF      R8, 1
;__Lib_Math.c,1342 :: 		
0x0047	0x0875      	MOVF       R5, 0
;__Lib_Math.c,1343 :: 		
0x0048	0x1C03      	BTFSS      STATUS, 0
;__Lib_Math.c,1344 :: 		
0x0049	0x0F75      	INCFSZ     R5, 0
;__Lib_Math.c,1345 :: 		
0x004A	0x02F9      	SUBWF      R9, 1
;__Lib_Math.c,1346 :: 		
0x004B	0x0876      	MOVF       R6, 0
;__Lib_Math.c,1347 :: 		
0x004C	0x1C03      	BTFSS      STATUS, 0
;__Lib_Math.c,1348 :: 		
0x004D	0x0F76      	INCFSZ     R6, 0
;__Lib_Math.c,1349 :: 		
0x004E	0x02FA      	SUBWF      R10, 1
;__Lib_Math.c,1350 :: 		
0x004F	0x0877      	MOVF       R7, 0
;__Lib_Math.c,1351 :: 		
0x0050	0x1C03      	BTFSS      STATUS, 0
;__Lib_Math.c,1352 :: 		
0x0051	0x0F77      	INCFSZ     R7, 0
;__Lib_Math.c,1353 :: 		
0x0052	0x02FB      	SUBWF      R11, 1
;__Lib_Math.c,1355 :: 		
0x0053	0x0100      	CLRW
;__Lib_Math.c,1356 :: 		
0x0054	0x1C03      	BTFSS      STATUS, 0
;__Lib_Math.c,1357 :: 		
0x0055	0x3001      	MOVLW      1
;__Lib_Math.c,1358 :: 		
0x0056	0x02A0      	SUBWF      ___math_tempb, 1
;__Lib_Math.c,1359 :: 		
0x0057	0x0DF3      	RLF        R3, 1
;__Lib_Math.c,1361 :: 		
0x0058	0x3007      	MOVLW      7
;__Lib_Math.c,1362 :: 		
0x0059	0x00FC      	MOVWF      R12
;__Lib_Math.c,1364 :: 		
LOOPU3232A:
;__Lib_Math.c,1365 :: 		
0x005A	0x0D73      	RLF        R3, 0
;__Lib_Math.c,1366 :: 		
0x005B	0x0DF8      	RLF        R8, 1
;__Lib_Math.c,1367 :: 		
0x005C	0x0DF9      	RLF        R9, 1
;__Lib_Math.c,1368 :: 		
0x005D	0x0DFA      	RLF        R10, 1
;__Lib_Math.c,1369 :: 		
0x005E	0x0DFB      	RLF        R11, 1
;__Lib_Math.c,1370 :: 		
0x005F	0x0DA0      	RLF        ___math_tempb, 1
;__Lib_Math.c,1371 :: 		
0x0060	0x0874      	MOVF       R4, 0
;__Lib_Math.c,1372 :: 		
0x0061	0x1C73      	BTFSS      R3, 0
;__Lib_Math.c,1373 :: 		
0x0062	0x2875      	GOTO       UADD22LA
;__Lib_Math.c,1375 :: 		
0x0063	0x02F8      	SUBWF      R8, 1
;__Lib_Math.c,1376 :: 		
0x0064	0x0875      	MOVF       R5, 0
;__Lib_Math.c,1377 :: 		
0x0065	0x1C03      	BTFSS      STATUS, 0
;__Lib_Math.c,1378 :: 		
0x0066	0x0F75      	INCFSZ     R5, 0
;__Lib_Math.c,1379 :: 		
0x0067	0x02F9      	SUBWF      R9, 1
;__Lib_Math.c,1380 :: 		
0x0068	0x0876      	MOVF       R6, 0
;__Lib_Math.c,1381 :: 		
0x0069	0x1C03      	BTFSS      STATUS, 0
;__Lib_Math.c,1382 :: 		
0x006A	0x0F76      	INCFSZ     R6, 0
;__Lib_Math.c,1383 :: 		
0x006B	0x02FA      	SUBWF      R10, 1
;__Lib_Math.c,1384 :: 		
0x006C	0x0877      	MOVF       R7, 0
;__Lib_Math.c,1385 :: 		
0x006D	0x1C03      	BTFSS      STATUS, 0
;__Lib_Math.c,1386 :: 		
0x006E	0x0F77      	INCFSZ     R7, 0
;__Lib_Math.c,1387 :: 		
0x006F	0x02FB      	SUBWF      R11, 1
;__Lib_Math.c,1388 :: 		
0x0070	0x0100      	CLRW
;__Lib_Math.c,1389 :: 		
0x0071	0x1C03      	BTFSS      STATUS, 0
;__Lib_Math.c,1390 :: 		
0x0072	0x3001      	MOVLW      1
;__Lib_Math.c,1391 :: 		
0x0073	0x02A0      	SUBWF      ___math_tempb, 1
;__Lib_Math.c,1392 :: 		
0x0074	0x2886      	GOTO       UOK22LA
;__Lib_Math.c,1394 :: 		
UADD22LA:
;__Lib_Math.c,1395 :: 		
0x0075	0x07F8      	ADDWF      R8, 1
;__Lib_Math.c,1396 :: 		
0x0076	0x0875      	MOVF       R5, 0
;__Lib_Math.c,1397 :: 		
0x0077	0x1803      	BTFSC      STATUS, 0
;__Lib_Math.c,1398 :: 		
0x0078	0x0F75      	INCFSZ     R5, 0
;__Lib_Math.c,1399 :: 		
0x0079	0x07F9      	ADDWF      R9, 1
;__Lib_Math.c,1400 :: 		
0x007A	0x0876      	MOVF       R6, 0
;__Lib_Math.c,1401 :: 		
0x007B	0x1803      	BTFSC      STATUS, 0
;__Lib_Math.c,1402 :: 		
0x007C	0x0F76      	INCFSZ     R6, 0
;__Lib_Math.c,1403 :: 		
0x007D	0x07FA      	ADDWF      R10, 1
;__Lib_Math.c,1404 :: 		
0x007E	0x0877      	MOVF       R7, 0
;__Lib_Math.c,1405 :: 		
0x007F	0x1803      	BTFSC      STATUS, 0
;__Lib_Math.c,1406 :: 		
0x0080	0x0F77      	INCFSZ     R7, 0
;__Lib_Math.c,1407 :: 		
0x0081	0x07FB      	ADDWF      R11, 1
;__Lib_Math.c,1408 :: 		
0x0082	0x0100      	CLRW
;__Lib_Math.c,1409 :: 		
0x0083	0x1803      	BTFSC      STATUS, 0
;__Lib_Math.c,1410 :: 		
0x0084	0x3001      	MOVLW      1
;__Lib_Math.c,1411 :: 		
0x0085	0x07A0      	ADDWF      ___math_tempb, 1
;__Lib_Math.c,1413 :: 		
UOK22LA:
;__Lib_Math.c,1414 :: 		
0x0086	0x0DF3      	RLF        R3, 1
;__Lib_Math.c,1416 :: 		
0x0087	0x0BFC      	DECFSZ     R12, 1
;__Lib_Math.c,1417 :: 		
0x0088	0x285A      	GOTO       LOOPU3232A
;__Lib_Math.c,1419 :: 		
0x0089	0x0D72      	RLF        R2, 0
;__Lib_Math.c,1420 :: 		
0x008A	0x0DF8      	RLF        R8, 1
;__Lib_Math.c,1421 :: 		
0x008B	0x0DF9      	RLF        R9, 1
;__Lib_Math.c,1422 :: 		
0x008C	0x0DFA      	RLF        R10, 1
;__Lib_Math.c,1423 :: 		
0x008D	0x0DFB      	RLF        R11, 1
;__Lib_Math.c,1424 :: 		
0x008E	0x0DA0      	RLF        ___math_tempb, 1
;__Lib_Math.c,1425 :: 		
0x008F	0x0874      	MOVF       R4, 0
;__Lib_Math.c,1426 :: 		
0x0090	0x1C73      	BTFSS      R3, 0
;__Lib_Math.c,1427 :: 		
0x0091	0x28A4      	GOTO       UADD22L8
;__Lib_Math.c,1429 :: 		
0x0092	0x02F8      	SUBWF      R8, 1
;__Lib_Math.c,1430 :: 		
0x0093	0x0875      	MOVF       R5, 0
;__Lib_Math.c,1431 :: 		
0x0094	0x1C03      	BTFSS      STATUS, 0
;__Lib_Math.c,1432 :: 		
0x0095	0x0F75      	INCFSZ     R5, 0
;__Lib_Math.c,1433 :: 		
0x0096	0x02F9      	SUBWF      R9, 1
;__Lib_Math.c,1434 :: 		
0x0097	0x0876      	MOVF       R6, 0
;__Lib_Math.c,1435 :: 		
0x0098	0x1C03      	BTFSS      STATUS, 0
;__Lib_Math.c,1436 :: 		
0x0099	0x0F76      	INCFSZ     R6, 0
;__Lib_Math.c,1437 :: 		
0x009A	0x02FA      	SUBWF      R10, 1
;__Lib_Math.c,1438 :: 		
0x009B	0x0877      	MOVF       R7, 0
;__Lib_Math.c,1439 :: 		
0x009C	0x1C03      	BTFSS      STATUS, 0
;__Lib_Math.c,1440 :: 		
0x009D	0x0F77      	INCFSZ     R7, 0
;__Lib_Math.c,1441 :: 		
0x009E	0x02FB      	SUBWF      R11, 1
;__Lib_Math.c,1442 :: 		
0x009F	0x0100      	CLRW
;__Lib_Math.c,1443 :: 		
0x00A0	0x1C03      	BTFSS      STATUS, 0
;__Lib_Math.c,1444 :: 		
0x00A1	0x3001      	MOVLW      1
;__Lib_Math.c,1445 :: 		
0x00A2	0x02A0      	SUBWF      ___math_tempb, 1
;__Lib_Math.c,1446 :: 		
0x00A3	0x28B5      	GOTO       UOK22L8
;__Lib_Math.c,1448 :: 		
UADD22L8:
;__Lib_Math.c,1449 :: 		
0x00A4	0x07F8      	ADDWF      R8, 1
;__Lib_Math.c,1450 :: 		
0x00A5	0x0875      	MOVF       R5, 0
;__Lib_Math.c,1451 :: 		
0x00A6	0x1803      	BTFSC      STATUS, 0
;__Lib_Math.c,1452 :: 		
0x00A7	0x0F75      	INCFSZ     R5, 0
;__Lib_Math.c,1453 :: 		
0x00A8	0x07F9      	ADDWF      R9, 1
;__Lib_Math.c,1454 :: 		
0x00A9	0x0876      	MOVF       R6, 0
;__Lib_Math.c,1455 :: 		
0x00AA	0x1803      	BTFSC      STATUS, 0
;__Lib_Math.c,1456 :: 		
0x00AB	0x0F76      	INCFSZ     R6, 0
;__Lib_Math.c,1457 :: 		
0x00AC	0x07FA      	ADDWF      R10, 1
;__Lib_Math.c,1458 :: 		
0x00AD	0x0877      	MOVF       R7, 0
;__Lib_Math.c,1459 :: 		
0x00AE	0x1803      	BTFSC      STATUS, 0
;__Lib_Math.c,1460 :: 		
0x00AF	0x0F77      	INCFSZ     R7, 0
;__Lib_Math.c,1461 :: 		
0x00B0	0x07FB      	ADDWF      R11, 1
;__Lib_Math.c,1462 :: 		
0x00B1	0x0100      	CLRW
;__Lib_Math.c,1463 :: 		
0x00B2	0x1803      	BTFSC      STATUS, 0
;__Lib_Math.c,1464 :: 		
0x00B3	0x3001      	MOVLW      1
;__Lib_Math.c,1465 :: 		
0x00B4	0x07A0      	ADDWF      ___math_tempb, 1
;__Lib_Math.c,1467 :: 		
UOK22L8:
;__Lib_Math.c,1468 :: 		
0x00B5	0x0DF2      	RLF        R2, 1
;__Lib_Math.c,1470 :: 		
0x00B6	0x3007      	MOVLW      7
;__Lib_Math.c,1471 :: 		
0x00B7	0x00FC      	MOVWF      R12
;__Lib_Math.c,1473 :: 		
LOOPU3232B:
;__Lib_Math.c,1474 :: 		
0x00B8	0x0D72      	RLF        R2, 0
;__Lib_Math.c,1475 :: 		
0x00B9	0x0DF8      	RLF        R8, 1
;__Lib_Math.c,1476 :: 		
0x00BA	0x0DF9      	RLF        R9, 1
;__Lib_Math.c,1477 :: 		
0x00BB	0x0DFA      	RLF        R10, 1
;__Lib_Math.c,1478 :: 		
0x00BC	0x0DFB      	RLF        R11, 1
;__Lib_Math.c,1479 :: 		
0x00BD	0x0DA0      	RLF        ___math_tempb, 1
;__Lib_Math.c,1480 :: 		
0x00BE	0x0874      	MOVF       R4, 0
;__Lib_Math.c,1481 :: 		
0x00BF	0x1C72      	BTFSS      R2, 0
;__Lib_Math.c,1482 :: 		
0x00C0	0x28D3      	GOTO       UADD22LB
;__Lib_Math.c,1484 :: 		
0x00C1	0x02F8      	SUBWF      R8, 1
;__Lib_Math.c,1485 :: 		
0x00C2	0x0875      	MOVF       R5, 0
;__Lib_Math.c,1486 :: 		
0x00C3	0x1C03      	BTFSS      STATUS, 0
;__Lib_Math.c,1487 :: 		
0x00C4	0x0F75      	INCFSZ     R5, 0
;__Lib_Math.c,1488 :: 		
0x00C5	0x02F9      	SUBWF      R9, 1
;__Lib_Math.c,1489 :: 		
0x00C6	0x0876      	MOVF       R6, 0
;__Lib_Math.c,1490 :: 		
0x00C7	0x1C03      	BTFSS      STATUS, 0
;__Lib_Math.c,1491 :: 		
0x00C8	0x0F76      	INCFSZ     R6, 0
;__Lib_Math.c,1492 :: 		
0x00C9	0x02FA      	SUBWF      R10, 1
;__Lib_Math.c,1493 :: 		
0x00CA	0x0877      	MOVF       R7, 0
;__Lib_Math.c,1494 :: 		
0x00CB	0x1C03      	BTFSS      STATUS, 0
;__Lib_Math.c,1495 :: 		
0x00CC	0x0F77      	INCFSZ     R7, 0
;__Lib_Math.c,1496 :: 		
0x00CD	0x02FB      	SUBWF      R11, 1
;__Lib_Math.c,1497 :: 		
0x00CE	0x0100      	CLRW
;__Lib_Math.c,1498 :: 		
0x00CF	0x1C03      	BTFSS      STATUS, 0
;__Lib_Math.c,1499 :: 		
0x00D0	0x3001      	MOVLW      1
;__Lib_Math.c,1500 :: 		
0x00D1	0x02A0      	SUBWF      ___math_tempb, 1
;__Lib_Math.c,1501 :: 		
0x00D2	0x28E4      	GOTO       UOK22LB
;__Lib_Math.c,1503 :: 		
UADD22LB:
;__Lib_Math.c,1504 :: 		
0x00D3	0x07F8      	ADDWF      R8, 1
;__Lib_Math.c,1505 :: 		
0x00D4	0x0875      	MOVF       R5, 0
;__Lib_Math.c,1506 :: 		
0x00D5	0x1803      	BTFSC      STATUS, 0
;__Lib_Math.c,1507 :: 		
0x00D6	0x0F75      	INCFSZ     R5, 0
;__Lib_Math.c,1508 :: 		
0x00D7	0x07F9      	ADDWF      R9, 1
;__Lib_Math.c,1509 :: 		
0x00D8	0x0876      	MOVF       R6, 0
;__Lib_Math.c,1510 :: 		
0x00D9	0x1803      	BTFSC      STATUS, 0
;__Lib_Math.c,1511 :: 		
0x00DA	0x0F76      	INCFSZ     R6, 0
;__Lib_Math.c,1512 :: 		
0x00DB	0x07FA      	ADDWF      R10, 1
;__Lib_Math.c,1513 :: 		
0x00DC	0x0877      	MOVF       R7, 0
;__Lib_Math.c,1514 :: 		
0x00DD	0x1803      	BTFSC      STATUS, 0
;__Lib_Math.c,1515 :: 		
0x00DE	0x0F77      	INCFSZ     R7, 0
;__Lib_Math.c,1516 :: 		
0x00DF	0x07FB      	ADDWF      R11, 1
;__Lib_Math.c,1517 :: 		
0x00E0	0x0100      	CLRW
;__Lib_Math.c,1518 :: 		
0x00E1	0x1803      	BTFSC      STATUS, 0
;__Lib_Math.c,1519 :: 		
0x00E2	0x3001      	MOVLW      1
;__Lib_Math.c,1520 :: 		
0x00E3	0x07A0      	ADDWF      ___math_tempb, 1
;__Lib_Math.c,1522 :: 		
UOK22LB:
;__Lib_Math.c,1523 :: 		
0x00E4	0x0DF2      	RLF        R2, 1
;__Lib_Math.c,1525 :: 		
0x00E5	0x0BFC      	DECFSZ     R12, 1
;__Lib_Math.c,1526 :: 		
0x00E6	0x28B8      	GOTO       LOOPU3232B
;__Lib_Math.c,1528 :: 		
0x00E7	0x0D71      	RLF        R1, 0
;__Lib_Math.c,1529 :: 		
0x00E8	0x0DF8      	RLF        R8, 1
;__Lib_Math.c,1530 :: 		
0x00E9	0x0DF9      	RLF        R9, 1
;__Lib_Math.c,1531 :: 		
0x00EA	0x0DFA      	RLF        R10, 1
;__Lib_Math.c,1532 :: 		
0x00EB	0x0DFB      	RLF        R11, 1
;__Lib_Math.c,1533 :: 		
0x00EC	0x0DA0      	RLF        ___math_tempb, 1
;__Lib_Math.c,1534 :: 		
0x00ED	0x0874      	MOVF       R4, 0
;__Lib_Math.c,1535 :: 		
0x00EE	0x1C72      	BTFSS      R2, 0
;__Lib_Math.c,1536 :: 		
0x00EF	0x2902      	GOTO       UADD22L16
;__Lib_Math.c,1538 :: 		
0x00F0	0x02F8      	SUBWF      R8, 1
;__Lib_Math.c,1539 :: 		
0x00F1	0x0875      	MOVF       R5, 0
;__Lib_Math.c,1540 :: 		
0x00F2	0x1C03      	BTFSS      STATUS, 0
;__Lib_Math.c,1541 :: 		
0x00F3	0x0F75      	INCFSZ     R5, 0
;__Lib_Math.c,1542 :: 		
0x00F4	0x02F9      	SUBWF      R9, 1
;__Lib_Math.c,1543 :: 		
0x00F5	0x0876      	MOVF       R6, 0
;__Lib_Math.c,1544 :: 		
0x00F6	0x1C03      	BTFSS      STATUS, 0
;__Lib_Math.c,1545 :: 		
0x00F7	0x0F76      	INCFSZ     R6, 0
;__Lib_Math.c,1546 :: 		
0x00F8	0x02FA      	SUBWF      R10, 1
;__Lib_Math.c,1547 :: 		
0x00F9	0x0877      	MOVF       R7, 0
;__Lib_Math.c,1548 :: 		
0x00FA	0x1C03      	BTFSS      STATUS, 0
;__Lib_Math.c,1549 :: 		
0x00FB	0x0F77      	INCFSZ     R7, 0
;__Lib_Math.c,1550 :: 		
0x00FC	0x02FB      	SUBWF      R11, 1
;__Lib_Math.c,1551 :: 		
0x00FD	0x0100      	CLRW
;__Lib_Math.c,1552 :: 		
0x00FE	0x1C03      	BTFSS      STATUS, 0
;__Lib_Math.c,1553 :: 		
0x00FF	0x3001      	MOVLW      1
;__Lib_Math.c,1554 :: 		
0x0100	0x02A0      	SUBWF      ___math_tempb, 1
;__Lib_Math.c,1555 :: 		
0x0101	0x2913      	GOTO       UOK22L16
;__Lib_Math.c,1557 :: 		
UADD22L16:
;__Lib_Math.c,1558 :: 		
0x0102	0x07F8      	ADDWF      R8, 1
;__Lib_Math.c,1559 :: 		
0x0103	0x0875      	MOVF       R5, 0
;__Lib_Math.c,1560 :: 		
0x0104	0x1803      	BTFSC      STATUS, 0
;__Lib_Math.c,1561 :: 		
0x0105	0x0F75      	INCFSZ     R5, 0
;__Lib_Math.c,1562 :: 		
0x0106	0x07F9      	ADDWF      R9, 1
;__Lib_Math.c,1563 :: 		
0x0107	0x0876      	MOVF       R6, 0
;__Lib_Math.c,1564 :: 		
0x0108	0x1803      	BTFSC      STATUS, 0
;__Lib_Math.c,1565 :: 		
0x0109	0x0F76      	INCFSZ     R6, 0
;__Lib_Math.c,1566 :: 		
0x010A	0x07FA      	ADDWF      R10, 1
;__Lib_Math.c,1567 :: 		
0x010B	0x0877      	MOVF       R7, 0
;__Lib_Math.c,1568 :: 		
0x010C	0x1803      	BTFSC      STATUS, 0
;__Lib_Math.c,1569 :: 		
0x010D	0x0F77      	INCFSZ     R7, 0
;__Lib_Math.c,1570 :: 		
0x010E	0x07FB      	ADDWF      R11, 1
;__Lib_Math.c,1571 :: 		
0x010F	0x0100      	CLRW
;__Lib_Math.c,1572 :: 		
0x0110	0x1803      	BTFSC      STATUS, 0
;__Lib_Math.c,1573 :: 		
0x0111	0x3001      	MOVLW      1
;__Lib_Math.c,1574 :: 		
0x0112	0x07A0      	ADDWF      ___math_tempb, 1
;__Lib_Math.c,1576 :: 		
UOK22L16:
;__Lib_Math.c,1577 :: 		
0x0113	0x0DF1      	RLF        R1, 1
;__Lib_Math.c,1579 :: 		
0x0114	0x3007      	MOVLW      7
;__Lib_Math.c,1580 :: 		
0x0115	0x00FC      	MOVWF      R12
;__Lib_Math.c,1582 :: 		
LOOPU3232C:
;__Lib_Math.c,1583 :: 		
0x0116	0x0D71      	RLF        R1, 0
;__Lib_Math.c,1584 :: 		
0x0117	0x0DF8      	RLF        R8, 1
;__Lib_Math.c,1585 :: 		
0x0118	0x0DF9      	RLF        R9, 1
;__Lib_Math.c,1586 :: 		
0x0119	0x0DFA      	RLF        R10, 1
;__Lib_Math.c,1587 :: 		
0x011A	0x0DFB      	RLF        R11, 1
;__Lib_Math.c,1588 :: 		
0x011B	0x0DA0      	RLF        ___math_tempb, 1
;__Lib_Math.c,1589 :: 		
0x011C	0x0874      	MOVF       R4, 0
;__Lib_Math.c,1590 :: 		
0x011D	0x1C71      	BTFSS      R1, 0
;__Lib_Math.c,1591 :: 		
0x011E	0x2931      	GOTO       UADD22LC
;__Lib_Math.c,1593 :: 		
0x011F	0x02F8      	SUBWF      R8, 1
;__Lib_Math.c,1594 :: 		
0x0120	0x0875      	MOVF       R5, 0
;__Lib_Math.c,1595 :: 		
0x0121	0x1C03      	BTFSS      STATUS, 0
;__Lib_Math.c,1596 :: 		
0x0122	0x0F75      	INCFSZ     R5, 0
;__Lib_Math.c,1597 :: 		
0x0123	0x02F9      	SUBWF      R9, 1
;__Lib_Math.c,1598 :: 		
0x0124	0x0876      	MOVF       R6, 0
;__Lib_Math.c,1599 :: 		
0x0125	0x1C03      	BTFSS      STATUS, 0
;__Lib_Math.c,1600 :: 		
0x0126	0x0F76      	INCFSZ     R6, 0
;__Lib_Math.c,1601 :: 		
0x0127	0x02FA      	SUBWF      R10, 1
;__Lib_Math.c,1602 :: 		
0x0128	0x0877      	MOVF       R7, 0
;__Lib_Math.c,1603 :: 		
0x0129	0x1C03      	BTFSS      STATUS, 0
;__Lib_Math.c,1604 :: 		
0x012A	0x0F77      	INCFSZ     R7, 0
;__Lib_Math.c,1605 :: 		
0x012B	0x02FB      	SUBWF      R11, 1
;__Lib_Math.c,1606 :: 		
0x012C	0x0100      	CLRW
;__Lib_Math.c,1607 :: 		
0x012D	0x1C03      	BTFSS      STATUS, 0
;__Lib_Math.c,1608 :: 		
0x012E	0x3001      	MOVLW      1
;__Lib_Math.c,1609 :: 		
0x012F	0x02A0      	SUBWF      ___math_tempb, 1
;__Lib_Math.c,1610 :: 		
0x0130	0x2942      	GOTO       UOK22LC
;__Lib_Math.c,1612 :: 		
UADD22LC:
;__Lib_Math.c,1613 :: 		
0x0131	0x07F8      	ADDWF      R8, 1
;__Lib_Math.c,1614 :: 		
0x0132	0x0875      	MOVF       R5, 0
;__Lib_Math.c,1615 :: 		
0x0133	0x1803      	BTFSC      STATUS, 0
;__Lib_Math.c,1616 :: 		
0x0134	0x0F75      	INCFSZ     R5, 0
;__Lib_Math.c,1617 :: 		
0x0135	0x07F9      	ADDWF      R9, 1
;__Lib_Math.c,1618 :: 		
0x0136	0x0876      	MOVF       R6, 0
;__Lib_Math.c,1619 :: 		
0x0137	0x1803      	BTFSC      STATUS, 0
;__Lib_Math.c,1620 :: 		
0x0138	0x0F76      	INCFSZ     R6, 0
;__Lib_Math.c,1621 :: 		
0x0139	0x07FA      	ADDWF      R10, 1
;__Lib_Math.c,1622 :: 		
0x013A	0x0877      	MOVF       R7, 0
;__Lib_Math.c,1623 :: 		
0x013B	0x1803      	BTFSC      STATUS, 0
;__Lib_Math.c,1624 :: 		
0x013C	0x0F77      	INCFSZ     R7, 0
;__Lib_Math.c,1625 :: 		
0x013D	0x07FB      	ADDWF      R11, 1
;__Lib_Math.c,1626 :: 		
0x013E	0x0100      	CLRW
;__Lib_Math.c,1627 :: 		
0x013F	0x1803      	BTFSC      STATUS, 0
;__Lib_Math.c,1628 :: 		
0x0140	0x3001      	MOVLW      1
;__Lib_Math.c,1629 :: 		
0x0141	0x07A0      	ADDWF      ___math_tempb, 1
;__Lib_Math.c,1631 :: 		
UOK22LC:
;__Lib_Math.c,1632 :: 		
0x0142	0x0DF1      	RLF        R1, 1
;__Lib_Math.c,1634 :: 		
0x0143	0x0BFC      	DECFSZ     R12, 1
;__Lib_Math.c,1635 :: 		
0x0144	0x2916      	GOTO       LOOPU3232C
;__Lib_Math.c,1637 :: 		
0x0145	0x0D70      	RLF        R0, 0
;__Lib_Math.c,1638 :: 		
0x0146	0x0DF8      	RLF        R8, 1
;__Lib_Math.c,1639 :: 		
0x0147	0x0DF9      	RLF        R9, 1
;__Lib_Math.c,1640 :: 		
0x0148	0x0DFA      	RLF        R10, 1
;__Lib_Math.c,1641 :: 		
0x0149	0x0DFB      	RLF        R11, 1
;__Lib_Math.c,1642 :: 		
0x014A	0x0DA0      	RLF        ___math_tempb, 1
;__Lib_Math.c,1643 :: 		
0x014B	0x0874      	MOVF       R4, 0
;__Lib_Math.c,1644 :: 		
0x014C	0x1C71      	BTFSS      R1, 0
;__Lib_Math.c,1645 :: 		
0x014D	0x2960      	GOTO       UADD22L24
;__Lib_Math.c,1647 :: 		
0x014E	0x02F8      	SUBWF      R8, 1
;__Lib_Math.c,1648 :: 		
0x014F	0x0875      	MOVF       R5, 0
;__Lib_Math.c,1649 :: 		
0x0150	0x1C03      	BTFSS      STATUS, 0
;__Lib_Math.c,1650 :: 		
0x0151	0x0F75      	INCFSZ     R5, 0
;__Lib_Math.c,1651 :: 		
0x0152	0x02F9      	SUBWF      R9, 1
;__Lib_Math.c,1652 :: 		
0x0153	0x0876      	MOVF       R6, 0
;__Lib_Math.c,1653 :: 		
0x0154	0x1C03      	BTFSS      STATUS, 0
;__Lib_Math.c,1654 :: 		
0x0155	0x0F76      	INCFSZ     R6, 0
;__Lib_Math.c,1655 :: 		
0x0156	0x02FA      	SUBWF      R10, 1
;__Lib_Math.c,1656 :: 		
0x0157	0x0877      	MOVF       R7, 0
;__Lib_Math.c,1657 :: 		
0x0158	0x1C03      	BTFSS      STATUS, 0
;__Lib_Math.c,1658 :: 		
0x0159	0x0F77      	INCFSZ     R7, 0
;__Lib_Math.c,1659 :: 		
0x015A	0x02FB      	SUBWF      R11, 1
;__Lib_Math.c,1660 :: 		
0x015B	0x0100      	CLRW
;__Lib_Math.c,1661 :: 		
0x015C	0x1C03      	BTFSS      STATUS, 0
;__Lib_Math.c,1662 :: 		
0x015D	0x3001      	MOVLW      1
;__Lib_Math.c,1663 :: 		
0x015E	0x02A0      	SUBWF      ___math_tempb, 1
;__Lib_Math.c,1664 :: 		
0x015F	0x2971      	GOTO       UOK22L24
;__Lib_Math.c,1666 :: 		
UADD22L24:
;__Lib_Math.c,1667 :: 		
0x0160	0x07F8      	ADDWF      R8, 1
;__Lib_Math.c,1668 :: 		
0x0161	0x0875      	MOVF       R5, 0
;__Lib_Math.c,1669 :: 		
0x0162	0x1803      	BTFSC      STATUS, 0
;__Lib_Math.c,1670 :: 		
0x0163	0x0F75      	INCFSZ     R5, 0
;__Lib_Math.c,1671 :: 		
0x0164	0x07F9      	ADDWF      R9, 1
;__Lib_Math.c,1672 :: 		
0x0165	0x0876      	MOVF       R6, 0
;__Lib_Math.c,1673 :: 		
0x0166	0x1803      	BTFSC      STATUS, 0
;__Lib_Math.c,1674 :: 		
0x0167	0x0F76      	INCFSZ     R6, 0
;__Lib_Math.c,1675 :: 		
0x0168	0x07FA      	ADDWF      R10, 1
;__Lib_Math.c,1676 :: 		
0x0169	0x0877      	MOVF       R7, 0
;__Lib_Math.c,1677 :: 		
0x016A	0x1803      	BTFSC      STATUS, 0
;__Lib_Math.c,1678 :: 		
0x016B	0x0F77      	INCFSZ     R7, 0
;__Lib_Math.c,1679 :: 		
0x016C	0x07FB      	ADDWF      R11, 1
;__Lib_Math.c,1680 :: 		
0x016D	0x0100      	CLRW
;__Lib_Math.c,1681 :: 		
0x016E	0x1803      	BTFSC      STATUS, 0
;__Lib_Math.c,1682 :: 		
0x016F	0x3001      	MOVLW      1
;__Lib_Math.c,1683 :: 		
0x0170	0x07A0      	ADDWF      ___math_tempb, 1
;__Lib_Math.c,1685 :: 		
UOK22L24:
;__Lib_Math.c,1686 :: 		
0x0171	0x0DF0      	RLF        R0, 1
;__Lib_Math.c,1688 :: 		
0x0172	0x3007      	MOVLW      7
;__Lib_Math.c,1689 :: 		
0x0173	0x00FC      	MOVWF      R12
;__Lib_Math.c,1691 :: 		
LOOPU3232D:
;__Lib_Math.c,1692 :: 		
0x0174	0x0D70      	RLF        R0, 0
;__Lib_Math.c,1693 :: 		
0x0175	0x0DF8      	RLF        R8, 1
;__Lib_Math.c,1694 :: 		
0x0176	0x0DF9      	RLF        R9, 1
;__Lib_Math.c,1695 :: 		
0x0177	0x0DFA      	RLF        R10, 1
;__Lib_Math.c,1696 :: 		
0x0178	0x0DFB      	RLF        R11, 1
;__Lib_Math.c,1697 :: 		
0x0179	0x0DA0      	RLF        ___math_tempb, 1
;__Lib_Math.c,1698 :: 		
0x017A	0x0874      	MOVF       R4, 0
;__Lib_Math.c,1699 :: 		
0x017B	0x1C70      	BTFSS      R0, 0
;__Lib_Math.c,1700 :: 		
0x017C	0x298F      	GOTO       UADD22LD
;__Lib_Math.c,1702 :: 		
0x017D	0x02F8      	SUBWF      R8, 1
;__Lib_Math.c,1703 :: 		
0x017E	0x0875      	MOVF       R5, 0
;__Lib_Math.c,1704 :: 		
0x017F	0x1C03      	BTFSS      STATUS, 0
;__Lib_Math.c,1705 :: 		
0x0180	0x0F75      	INCFSZ     R5, 0
;__Lib_Math.c,1706 :: 		
0x0181	0x02F9      	SUBWF      R9, 1
;__Lib_Math.c,1707 :: 		
0x0182	0x0876      	MOVF       R6, 0
;__Lib_Math.c,1708 :: 		
0x0183	0x1C03      	BTFSS      STATUS, 0
;__Lib_Math.c,1709 :: 		
0x0184	0x0F76      	INCFSZ     R6, 0
;__Lib_Math.c,1710 :: 		
0x0185	0x02FA      	SUBWF      R10, 1
;__Lib_Math.c,1711 :: 		
0x0186	0x0877      	MOVF       R7, 0
;__Lib_Math.c,1712 :: 		
0x0187	0x1C03      	BTFSS      STATUS, 0
;__Lib_Math.c,1713 :: 		
0x0188	0x0F77      	INCFSZ     R7, 0
;__Lib_Math.c,1714 :: 		
0x0189	0x02FB      	SUBWF      R11, 1
;__Lib_Math.c,1715 :: 		
0x018A	0x0100      	CLRW
;__Lib_Math.c,1716 :: 		
0x018B	0x1C03      	BTFSS      STATUS, 0
;__Lib_Math.c,1717 :: 		
0x018C	0x3001      	MOVLW      1
;__Lib_Math.c,1718 :: 		
0x018D	0x02A0      	SUBWF      ___math_tempb, 1
;__Lib_Math.c,1719 :: 		
0x018E	0x29A0      	GOTO       UOK22LD
;__Lib_Math.c,1721 :: 		
UADD22LD:
;__Lib_Math.c,1722 :: 		
0x018F	0x07F8      	ADDWF      R8, 1
;__Lib_Math.c,1723 :: 		
0x0190	0x0875      	MOVF       R5, 0
;__Lib_Math.c,1724 :: 		
0x0191	0x1803      	BTFSC      STATUS, 0
;__Lib_Math.c,1725 :: 		
0x0192	0x0F75      	INCFSZ     R5, 0
;__Lib_Math.c,1726 :: 		
0x0193	0x07F9      	ADDWF      R9, 1
;__Lib_Math.c,1727 :: 		
0x0194	0x0876      	MOVF       R6, 0
;__Lib_Math.c,1728 :: 		
0x0195	0x1803      	BTFSC      STATUS, 0
;__Lib_Math.c,1729 :: 		
0x0196	0x0F76      	INCFSZ     R6, 0
;__Lib_Math.c,1730 :: 		
0x0197	0x07FA      	ADDWF      R10, 1
;__Lib_Math.c,1731 :: 		
0x0198	0x0877      	MOVF       R7, 0
;__Lib_Math.c,1732 :: 		
0x0199	0x1803      	BTFSC      STATUS, 0
;__Lib_Math.c,1733 :: 		
0x019A	0x0F77      	INCFSZ     R7, 0
;__Lib_Math.c,1734 :: 		
0x019B	0x07FB      	ADDWF      R11, 1
;__Lib_Math.c,1735 :: 		
0x019C	0x0100      	CLRW
;__Lib_Math.c,1736 :: 		
0x019D	0x1803      	BTFSC      STATUS, 0
;__Lib_Math.c,1737 :: 		
0x019E	0x3001      	MOVLW      1
;__Lib_Math.c,1738 :: 		
0x019F	0x07A0      	ADDWF      ___math_tempb, 1
;__Lib_Math.c,1740 :: 		
UOK22LD:
;__Lib_Math.c,1741 :: 		
0x01A0	0x0DF0      	RLF        R0, 1
;__Lib_Math.c,1743 :: 		
0x01A1	0x0BFC      	DECFSZ     R12, 1
;__Lib_Math.c,1744 :: 		
0x01A2	0x2974      	GOTO       LOOPU3232D
;__Lib_Math.c,1746 :: 		
0x01A3	0x1870      	BTFSC      R0, 0
;__Lib_Math.c,1747 :: 		
0x01A4	0x29B3      	GOTO       UOK22L
;__Lib_Math.c,1748 :: 		
0x01A5	0x0874      	MOVF       R4, 0
;__Lib_Math.c,1749 :: 		
0x01A6	0x07F8      	ADDWF      R8, 1
;__Lib_Math.c,1750 :: 		
0x01A7	0x0875      	MOVF       R5, 0
;__Lib_Math.c,1751 :: 		
0x01A8	0x1803      	BTFSC      STATUS, 0
;__Lib_Math.c,1752 :: 		
0x01A9	0x0F75      	INCFSZ     R5, 0
;__Lib_Math.c,1753 :: 		
0x01AA	0x07F9      	ADDWF      R9, 1
;__Lib_Math.c,1754 :: 		
0x01AB	0x0876      	MOVF       R6, 0
;__Lib_Math.c,1755 :: 		
0x01AC	0x1803      	BTFSC      STATUS, 0
;__Lib_Math.c,1756 :: 		
0x01AD	0x0F76      	INCFSZ     R6, 0
;__Lib_Math.c,1757 :: 		
0x01AE	0x07FA      	ADDWF      R10, 1
;__Lib_Math.c,1758 :: 		
0x01AF	0x0877      	MOVF       R7, 0
;__Lib_Math.c,1759 :: 		
0x01B0	0x1803      	BTFSC      STATUS, 0
;__Lib_Math.c,1760 :: 		
0x01B1	0x0F77      	INCFSZ     R7, 0
;__Lib_Math.c,1761 :: 		
0x01B2	0x07FB      	ADDWF      R11, 1
;__Lib_Math.c,1763 :: 		
UOK22L:
;__Lib_Math.c,1766 :: 		
L_end_Div_32x32_U:
0x01B3	0x0008      	RETURN
; end of _Div_32x32_U
_Mul_32x32_U:
;__Lib_Math.c,1775 :: 		
;__Lib_Math.c,1790 :: 		
0x01B4	0x1283      	BCF        STATUS, 5
;__Lib_Math.c,1791 :: 		
0x01B5	0x1303      	BCF        STATUS, 6
;__Lib_Math.c,1792 :: 		
0x01B6	0x3022      	MOVLW      34
;__Lib_Math.c,1793 :: 		
0x01B7	0x00FC      	MOVWF      R12
;__Lib_Math.c,1794 :: 		
0x01B8	0x01F8      	CLRF       R8
;__Lib_Math.c,1795 :: 		
0x01B9	0x01F9      	CLRF       R9
;__Lib_Math.c,1796 :: 		
0x01BA	0x01FA      	CLRF       R10
;__Lib_Math.c,1797 :: 		
0x01BB	0x01FB      	CLRF       R11
;__Lib_Math.c,1799 :: 		
_NEXT:
;__Lib_Math.c,1803 :: 		
0x01BC	0x03FC      	DECF       R12, 1
;__Lib_Math.c,1804 :: 		
0x01BD	0x1903      	BTFSC      STATUS, 2
;__Lib_Math.c,1805 :: 		
0x01BE	0x29EA      	GOTO       _EXIT2
;__Lib_Math.c,1806 :: 		
0x01BF	0x1003      	BCF        STATUS, 0
;__Lib_Math.c,1808 :: 		
_LOOP:
;__Lib_Math.c,1817 :: 		
0x01C0	0x0CFB      	RRF        R11, 1
;__Lib_Math.c,1818 :: 		
0x01C1	0x0CFA      	RRF        R10, 1
;__Lib_Math.c,1819 :: 		
0x01C2	0x0CF9      	RRF        R9, 1
;__Lib_Math.c,1820 :: 		
0x01C3	0x0CF8      	RRF        R8, 1
;__Lib_Math.c,1821 :: 		
0x01C4	0x0CF3      	RRF        R3, 1
;__Lib_Math.c,1822 :: 		
0x01C5	0x0CF2      	RRF        R2, 1
;__Lib_Math.c,1823 :: 		
0x01C6	0x0CF1      	RRF        R1, 1
;__Lib_Math.c,1824 :: 		
0x01C7	0x0CF0      	RRF        R0, 1
;__Lib_Math.c,1829 :: 		
0x01C8	0x1C03      	BTFSS      STATUS, 0
;__Lib_Math.c,1830 :: 		
0x01C9	0x29BC      	GOTO       _NEXT
;__Lib_Math.c,1831 :: 		
0x01CA	0x03FC      	DECF       R12, 1
;__Lib_Math.c,1832 :: 		
0x01CB	0x1903      	BTFSC      STATUS, 2
;__Lib_Math.c,1833 :: 		
0x01CC	0x29DC      	GOTO       _EXIT1
;__Lib_Math.c,1840 :: 		
0x01CD	0x0874      	MOVF       R4, 0
;__Lib_Math.c,1841 :: 		
0x01CE	0x07F8      	ADDWF      R8, 1
;__Lib_Math.c,1842 :: 		
0x01CF	0x0875      	MOVF       R5, 0
;__Lib_Math.c,1843 :: 		
0x01D0	0x1803      	BTFSC      STATUS, 0
;__Lib_Math.c,1844 :: 		
0x01D1	0x0F75      	INCFSZ     R5, 0
;__Lib_Math.c,1845 :: 		
0x01D2	0x07F9      	ADDWF      R9, 1
;__Lib_Math.c,1846 :: 		
0x01D3	0x0876      	MOVF       R6, 0
;__Lib_Math.c,1847 :: 		
0x01D4	0x1803      	BTFSC      STATUS, 0
;__Lib_Math.c,1848 :: 		
0x01D5	0x0F76      	INCFSZ     R6, 0
;__Lib_Math.c,1849 :: 		
0x01D6	0x07FA      	ADDWF      R10, 1
;__Lib_Math.c,1850 :: 		
0x01D7	0x0877      	MOVF       R7, 0
;__Lib_Math.c,1851 :: 		
0x01D8	0x1803      	BTFSC      STATUS, 0
;__Lib_Math.c,1852 :: 		
0x01D9	0x0F77      	INCFSZ     R7, 0
;__Lib_Math.c,1853 :: 		
0x01DA	0x07FB      	ADDWF      R11, 1
;__Lib_Math.c,1855 :: 		
0x01DB	0x29C0      	GOTO       _LOOP
;__Lib_Math.c,1857 :: 		
_EXIT1:
;__Lib_Math.c,1862 :: 		
0x01DC	0x0874      	MOVF       R4, 0
;__Lib_Math.c,1863 :: 		
0x01DD	0x07F8      	ADDWF      R8, 1
;__Lib_Math.c,1864 :: 		
0x01DE	0x0875      	MOVF       R5, 0
;__Lib_Math.c,1865 :: 		
0x01DF	0x1803      	BTFSC      STATUS, 0
;__Lib_Math.c,1866 :: 		
0x01E0	0x0F75      	INCFSZ     R5, 0
;__Lib_Math.c,1867 :: 		
0x01E1	0x07F9      	ADDWF      R9, 1
;__Lib_Math.c,1868 :: 		
0x01E2	0x0876      	MOVF       R6, 0
;__Lib_Math.c,1869 :: 		
0x01E3	0x1803      	BTFSC      STATUS, 0
;__Lib_Math.c,1870 :: 		
0x01E4	0x0F76      	INCFSZ     R6, 0
;__Lib_Math.c,1871 :: 		
0x01E5	0x07FA      	ADDWF      R10, 1
;__Lib_Math.c,1872 :: 		
0x01E6	0x0877      	MOVF       R7, 0
;__Lib_Math.c,1873 :: 		
0x01E7	0x1803      	BTFSC      STATUS, 0
;__Lib_Math.c,1874 :: 		
0x01E8	0x0F77      	INCFSZ     R7, 0
;__Lib_Math.c,1875 :: 		
0x01E9	0x07FB      	ADDWF      R11, 1
;__Lib_Math.c,1878 :: 		
_EXIT2:
;__Lib_Math.c,1880 :: 		
L_end_Mul_32x32_U:
0x01EA	0x0008      	RETURN
; end of _Mul_32x32_U
_Sound_Play:
;__Lib_Sound.c,27 :: 		
;__Lib_Sound.c,31 :: 		
0x01EB	0x2033      	CALL       _Get_Fosc_kHz
0x01EC	0x30E8      	MOVLW      232
0x01ED	0x00F4      	MOVWF      R4
0x01EE	0x3003      	MOVLW      3
0x01EF	0x00F5      	MOVWF      R4+1
0x01F0	0x01F6      	CLRF       R4+2
0x01F1	0x01F7      	CLRF       R4+3
0x01F2	0x21B4      	CALL       _Mul_32x32_U
0x01F3	0x0870      	MOVF       R0, 0
0x01F4	0x00AE      	MOVWF      Sound_Play_per_nc_L0
0x01F5	0x0871      	MOVF       R0+1, 0
0x01F6	0x00AF      	MOVWF      Sound_Play_per_nc_L0+1
0x01F7	0x0872      	MOVF       R0+2, 0
0x01F8	0x00B0      	MOVWF      Sound_Play_per_nc_L0+2
0x01F9	0x0873      	MOVF       R0+3, 0
0x01FA	0x00B1      	MOVWF      Sound_Play_per_nc_L0+3
;__Lib_Sound.c,32 :: 		
0x01FB	0x0826      	MOVF       FARG_Sound_Play_freq_in_hz, 0
0x01FC	0x00F4      	MOVWF      R4
0x01FD	0x0827      	MOVF       FARG_Sound_Play_freq_in_hz+1, 0
0x01FE	0x00F5      	MOVWF      R4+1
0x01FF	0x01F6      	CLRF       R4+2
0x0200	0x01F7      	CLRF       R4+3
0x0201	0x203C      	CALL       _Div_32x32_U
0x0202	0x0870      	MOVF       R0, 0
0x0203	0x00AE      	MOVWF      Sound_Play_per_nc_L0
0x0204	0x0871      	MOVF       R0+1, 0
0x0205	0x00AF      	MOVWF      Sound_Play_per_nc_L0+1
0x0206	0x0872      	MOVF       R0+2, 0
0x0207	0x00B0      	MOVWF      Sound_Play_per_nc_L0+2
0x0208	0x0873      	MOVF       R0+3, 0
0x0209	0x00B1      	MOVWF      Sound_Play_per_nc_L0+3
;__Lib_Sound.c,33 :: 		
0x020A	0x0870      	MOVF       R0, 0
0x020B	0x00F5      	MOVWF      R5
0x020C	0x0871      	MOVF       R0+1, 0
0x020D	0x00F6      	MOVWF      R5+1
0x020E	0x0872      	MOVF       R0+2, 0
0x020F	0x00F7      	MOVWF      R5+2
0x0210	0x0873      	MOVF       R0+3, 0
0x0211	0x00F8      	MOVWF      R5+3
0x0212	0x0CF8      	RRF        R5+3, 1
0x0213	0x0CF7      	RRF        R5+2, 1
0x0214	0x0CF6      	RRF        R5+1, 1
0x0215	0x0CF5      	RRF        R5, 1
0x0216	0x13F8      	BCF        R5+3, 7
0x0217	0x0CF8      	RRF        R5+3, 1
0x0218	0x0CF7      	RRF        R5+2, 1
0x0219	0x0CF6      	RRF        R5+1, 1
0x021A	0x0CF5      	RRF        R5, 1
0x021B	0x13F8      	BCF        R5+3, 7
0x021C	0x0875      	MOVF       R5, 0
0x021D	0x00F0      	MOVWF      R0
0x021E	0x0876      	MOVF       R5+1, 0
0x021F	0x00F1      	MOVWF      R0+1
0x0220	0x0877      	MOVF       R5+2, 0
0x0221	0x00F2      	MOVWF      R0+2
0x0222	0x0878      	MOVF       R5+3, 0
0x0223	0x00F3      	MOVWF      R0+3
0x0224	0x0CF3      	RRF        R0+3, 1
0x0225	0x0CF2      	RRF        R0+2, 1
0x0226	0x0CF1      	RRF        R0+1, 1
0x0227	0x0CF0      	RRF        R0, 1
0x0228	0x13F3      	BCF        R0+3, 7
0x0229	0x0870      	MOVF       R0, 0
0x022A	0x00AA      	MOVWF      Sound_Play_nc_L0
0x022B	0x0871      	MOVF       R0+1, 0
0x022C	0x00AB      	MOVWF      Sound_Play_nc_L0+1
;__Lib_Sound.c,36 :: 		
0x022D	0x2033      	CALL       _Get_Fosc_kHz
0x022E	0x0828      	MOVF       FARG_Sound_Play_duration_ms, 0
0x022F	0x00F4      	MOVWF      R4
0x0230	0x0829      	MOVF       FARG_Sound_Play_duration_ms+1, 0
0x0231	0x00F5      	MOVWF      R4+1
0x0232	0x01F6      	CLRF       R4+2
0x0233	0x01F7      	CLRF       R4+3
0x0234	0x21B4      	CALL       _Mul_32x32_U
0x0235	0x082A      	MOVF       Sound_Play_nc_L0, 0
0x0236	0x00F9      	MOVWF      R9
0x0237	0x082B      	MOVF       Sound_Play_nc_L0+1, 0
0x0238	0x00FA      	MOVWF      R9+1
0x0239	0x01FB      	CLRF       R9+2
0x023A	0x01FC      	CLRF       R9+3
0x023B	0x3003      	MOVLW      3
0x023C	0x00F8      	MOVWF      R8
0x023D	0x0879      	MOVF       R9, 0
0x023E	0x00F4      	MOVWF      R4
0x023F	0x087A      	MOVF       R9+1, 0
0x0240	0x00F5      	MOVWF      R4+1
0x0241	0x087B      	MOVF       R9+2, 0
0x0242	0x00F6      	MOVWF      R4+2
0x0243	0x087C      	MOVF       R9+3, 0
0x0244	0x00F7      	MOVWF      R4+3
0x0245	0x0878      	MOVF       R8, 0
L__Sound_Play15:
0x0246	0x1903      	BTFSC      STATUS, 2
0x0247	0x2A4F      	GOTO       L__Sound_Play16
0x0248	0x0DF4      	RLF        R4, 1
0x0249	0x0DF5      	RLF        R4+1, 1
0x024A	0x0DF6      	RLF        R4+2, 1
0x024B	0x0DF7      	RLF        R4+3, 1
0x024C	0x1074      	BCF        R4, 0
0x024D	0x3EFF      	ADDLW      255
0x024E	0x2A46      	GOTO       L__Sound_Play15
L__Sound_Play16:
0x024F	0x203C      	CALL       _Div_32x32_U
0x0250	0x0870      	MOVF       R0, 0
0x0251	0x00AE      	MOVWF      Sound_Play_per_nc_L0
0x0252	0x0871      	MOVF       R0+1, 0
0x0253	0x00AF      	MOVWF      Sound_Play_per_nc_L0+1
0x0254	0x0872      	MOVF       R0+2, 0
0x0255	0x00B0      	MOVWF      Sound_Play_per_nc_L0+2
0x0256	0x0873      	MOVF       R0+3, 0
0x0257	0x00B1      	MOVWF      Sound_Play_per_nc_L0+3
;__Lib_Sound.c,38 :: 		
0x0258	0x300A      	MOVLW      10
0x0259	0x00F4      	MOVWF      R4
0x025A	0x3000      	MOVLW      0
0x025B	0x00F5      	MOVWF      R4+1
0x025C	0x082A      	MOVF       Sound_Play_nc_L0, 0
0x025D	0x00F0      	MOVWF      R0
0x025E	0x082B      	MOVF       Sound_Play_nc_L0+1, 0
0x025F	0x00F1      	MOVWF      R0+1
0x0260	0x2003      	CALL       _Div_16X16_U
0x0261	0x0870      	MOVF       R0, 0
0x0262	0x00AA      	MOVWF      Sound_Play_nc_L0
0x0263	0x0871      	MOVF       R0+1, 0
0x0264	0x00AB      	MOVWF      Sound_Play_nc_L0+1
;__Lib_Sound.c,39 :: 		
0x0265	0x3000      	MOVLW      0
0x0266	0x0271      	SUBWF      R0+1, 0
0x0267	0x1D03      	BTFSS      STATUS, 2
0x0268	0x2A6B      	GOTO       L__Sound_Play17
0x0269	0x3003      	MOVLW      3
0x026A	0x0270      	SUBWF      R0, 0
L__Sound_Play17:
0x026B	0x1803      	BTFSC      STATUS, 0
0x026C	0x2A6E      	GOTO       L_Sound_Play0
0x026D	0x2ABB      	GOTO       L_end_Sound_Play
L_Sound_Play0:
;__Lib_Sound.c,40 :: 		
0x026E	0x0823      	MOVF       __Lib_Sound_soundPortAddr, 0
0x026F	0x0084      	MOVWF      FSR
;__Lib_Sound.c,41 :: 		
L_Sound_Play1:
0x0270	0x0831      	MOVF       Sound_Play_per_nc_L0+3, 0
0x0271	0x3C00      	SUBLW      0
0x0272	0x1D03      	BTFSS      STATUS, 2
0x0273	0x2A7E      	GOTO       L__Sound_Play18
0x0274	0x0830      	MOVF       Sound_Play_per_nc_L0+2, 0
0x0275	0x3C00      	SUBLW      0
0x0276	0x1D03      	BTFSS      STATUS, 2
0x0277	0x2A7E      	GOTO       L__Sound_Play18
0x0278	0x082F      	MOVF       Sound_Play_per_nc_L0+1, 0
0x0279	0x3C00      	SUBLW      0
0x027A	0x1D03      	BTFSS      STATUS, 2
0x027B	0x2A7E      	GOTO       L__Sound_Play18
0x027C	0x082E      	MOVF       Sound_Play_per_nc_L0, 0
0x027D	0x3C00      	SUBLW      0
L__Sound_Play18:
0x027E	0x1803      	BTFSC      STATUS, 0
0x027F	0x2AB9      	GOTO       L_Sound_Play2
;__Lib_Sound.c,42 :: 		
0x0280	0x0824      	MOVF       __Lib_Sound_pinMask1, 0
0x0281	0x0480      	IORWF      INDF, 1
;__Lib_Sound.c,44 :: 		
0x0282	0x082B      	MOVF       Sound_Play_nc_L0+1, 0
0x0283	0x1903      	BTFSC      STATUS, 2
0x0284	0x2A95      	GOTO       L_Sound_Play3
;__Lib_Sound.c,45 :: 		
0x0285	0x01AC      	CLRF       Sound_Play_i_L0
0x0286	0x01AD      	CLRF       Sound_Play_i_L0+1
L_Sound_Play4:
0x0287	0x3000      	MOVLW      0
0x0288	0x022D      	SUBWF      Sound_Play_i_L0+1, 0
0x0289	0x1D03      	BTFSS      STATUS, 2
0x028A	0x2A8D      	GOTO       L__Sound_Play19
0x028B	0x082B      	MOVF       Sound_Play_nc_L0+1, 0
0x028C	0x022C      	SUBWF      Sound_Play_i_L0, 0
L__Sound_Play19:
0x028D	0x1803      	BTFSC      STATUS, 0
0x028E	0x2A95      	GOTO       L_Sound_Play5
;__Lib_Sound.c,46 :: 		
0x028F	0x01B2      	CLRF       FARG_Delay_Cyc_cycles_div_by_10
0x0290	0x2020      	CALL       _Delay_Cyc
;__Lib_Sound.c,45 :: 		
0x0291	0x0AAC      	INCF       Sound_Play_i_L0, 1
0x0292	0x1903      	BTFSC      STATUS, 2
0x0293	0x0AAD      	INCF       Sound_Play_i_L0+1, 1
;__Lib_Sound.c,47 :: 		
0x0294	0x2A87      	GOTO       L_Sound_Play4
L_Sound_Play5:
;__Lib_Sound.c,48 :: 		
L_Sound_Play3:
;__Lib_Sound.c,49 :: 		
0x0295	0x082A      	MOVF       Sound_Play_nc_L0, 0
0x0296	0x00B2      	MOVWF      FARG_Delay_Cyc_cycles_div_by_10
0x0297	0x2020      	CALL       _Delay_Cyc
;__Lib_Sound.c,51 :: 		
0x0298	0x0825      	MOVF       __Lib_Sound_pinMask0, 0
0x0299	0x0580      	ANDWF      INDF, 1
;__Lib_Sound.c,53 :: 		
0x029A	0x082B      	MOVF       Sound_Play_nc_L0+1, 0
0x029B	0x1903      	BTFSC      STATUS, 2
0x029C	0x2AAD      	GOTO       L_Sound_Play7
;__Lib_Sound.c,54 :: 		
0x029D	0x01AC      	CLRF       Sound_Play_i_L0
0x029E	0x01AD      	CLRF       Sound_Play_i_L0+1
L_Sound_Play8:
0x029F	0x3000      	MOVLW      0
0x02A0	0x022D      	SUBWF      Sound_Play_i_L0+1, 0
0x02A1	0x1D03      	BTFSS      STATUS, 2
0x02A2	0x2AA5      	GOTO       L__Sound_Play20
0x02A3	0x082B      	MOVF       Sound_Play_nc_L0+1, 0
0x02A4	0x022C      	SUBWF      Sound_Play_i_L0, 0
L__Sound_Play20:
0x02A5	0x1803      	BTFSC      STATUS, 0
0x02A6	0x2AAD      	GOTO       L_Sound_Play9
;__Lib_Sound.c,55 :: 		
0x02A7	0x01B2      	CLRF       FARG_Delay_Cyc_cycles_div_by_10
0x02A8	0x2020      	CALL       _Delay_Cyc
;__Lib_Sound.c,54 :: 		
0x02A9	0x0AAC      	INCF       Sound_Play_i_L0, 1
0x02AA	0x1903      	BTFSC      STATUS, 2
0x02AB	0x0AAD      	INCF       Sound_Play_i_L0+1, 1
;__Lib_Sound.c,56 :: 		
0x02AC	0x2A9F      	GOTO       L_Sound_Play8
L_Sound_Play9:
;__Lib_Sound.c,57 :: 		
L_Sound_Play7:
;__Lib_Sound.c,58 :: 		
0x02AD	0x082A      	MOVF       Sound_Play_nc_L0, 0
0x02AE	0x00B2      	MOVWF      FARG_Delay_Cyc_cycles_div_by_10
0x02AF	0x2020      	CALL       _Delay_Cyc
;__Lib_Sound.c,60 :: 		
0x02B0	0x3001      	MOVLW      1
0x02B1	0x02AE      	SUBWF      Sound_Play_per_nc_L0, 1
0x02B2	0x1C03      	BTFSS      STATUS, 0
0x02B3	0x02AF      	SUBWF      Sound_Play_per_nc_L0+1, 1
0x02B4	0x1C03      	BTFSS      STATUS, 0
0x02B5	0x02B0      	SUBWF      Sound_Play_per_nc_L0+2, 1
0x02B6	0x1C03      	BTFSS      STATUS, 0
0x02B7	0x02B1      	SUBWF      Sound_Play_per_nc_L0+3, 1
;__Lib_Sound.c,62 :: 		
0x02B8	0x2A70      	GOTO       L_Sound_Play1
L_Sound_Play2:
;__Lib_Sound.c,63 :: 		
0x02B9	0x0825      	MOVF       __Lib_Sound_pinMask0, 0
0x02BA	0x0580      	ANDWF      INDF, 1
;__Lib_Sound.c,64 :: 		
L_end_Sound_Play:
0x02BB	0x0008      	RETURN
; end of _Sound_Play
_Sound_Init:
;__Lib_Sound.c,11 :: 		
;__Lib_Sound.c,13 :: 		
0x02BC	0x1283      	BCF        STATUS, 5
0x02BD	0x1303      	BCF        STATUS, 6
0x02BE	0x0826      	MOVF       FARG_Sound_Init_snd_port, 0
0x02BF	0x00A3      	MOVWF      __Lib_Sound_soundPortAddr
;__Lib_Sound.c,15 :: 		
0x02C0	0x0827      	MOVF       FARG_Sound_Init_snd_pin, 0
0x02C1	0x00F1      	MOVWF      R1
0x02C2	0x3001      	MOVLW      1
0x02C3	0x00F0      	MOVWF      R0
0x02C4	0x0871      	MOVF       R1, 0
L__Sound_Init12:
0x02C5	0x1903      	BTFSC      STATUS, 2
0x02C6	0x2ACB      	GOTO       L__Sound_Init13
0x02C7	0x0DF0      	RLF        R0, 1
0x02C8	0x1070      	BCF        R0, 0
0x02C9	0x3EFF      	ADDLW      255
0x02CA	0x2AC5      	GOTO       L__Sound_Init12
L__Sound_Init13:
0x02CB	0x0870      	MOVF       R0, 0
0x02CC	0x00A4      	MOVWF      __Lib_Sound_pinMask1
;__Lib_Sound.c,16 :: 		
0x02CD	0x09F0      	COMF       R0, 1
0x02CE	0x0870      	MOVF       R0, 0
0x02CF	0x00A5      	MOVWF      __Lib_Sound_pinMask0
;__Lib_Sound.c,20 :: 		
0x02D0	0x3080      	MOVLW      128
0x02D1	0x0726      	ADDWF      FARG_Sound_Init_snd_port, 0
0x02D2	0x0084      	MOVWF      FSR
;__Lib_Sound.c,21 :: 		
0x02D3	0x0870      	MOVF       R0, 0
0x02D4	0x0580      	ANDWF      INDF, 1
;__Lib_Sound.c,22 :: 		
0x02D5	0x1384      	BCF        FSR, 7
;__Lib_Sound.c,23 :: 		
0x02D6	0x0870      	MOVF       R0, 0
0x02D7	0x0580      	ANDWF      INDF, 1
;__Lib_Sound.c,24 :: 		
L_end_Sound_Init:
0x02D8	0x0008      	RETURN
; end of _Sound_Init
_musica_ganar:
;Contro_sonido.c,28 :: 		void musica_ganar() {
;Contro_sonido.c,29 :: 		Sound_Play(392,150);
0x02D9	0x3088      	MOVLW      136
0x02DA	0x1283      	BCF        STATUS, 5
0x02DB	0x1303      	BCF        STATUS, 6
0x02DC	0x00A6      	MOVWF      FARG_Sound_Play_freq_in_hz
0x02DD	0x3001      	MOVLW      1
0x02DE	0x00A7      	MOVWF      FARG_Sound_Play_freq_in_hz+1
0x02DF	0x3096      	MOVLW      150
0x02E0	0x00A8      	MOVWF      FARG_Sound_Play_duration_ms
0x02E1	0x01A9      	CLRF       FARG_Sound_Play_duration_ms+1
0x02E2	0x21EB      	CALL       _Sound_Play
;Contro_sonido.c,30 :: 		Delay_ms(50);
0x02E3	0x3082      	MOVLW      130
0x02E4	0x00FC      	MOVWF      R12
0x02E5	0x30DD      	MOVLW      221
0x02E6	0x00FD      	MOVWF      R13
L_musica_ganar0:
0x02E7	0x0BFD      	DECFSZ     R13, 1
0x02E8	0x2AE7      	GOTO       L_musica_ganar0
0x02E9	0x0BFC      	DECFSZ     R12, 1
0x02EA	0x2AE7      	GOTO       L_musica_ganar0
0x02EB	0x0000      	NOP
0x02EC	0x0000      	NOP
;Contro_sonido.c,31 :: 		Sound_Play(440,200);
0x02ED	0x30B8      	MOVLW      184
0x02EE	0x00A6      	MOVWF      FARG_Sound_Play_freq_in_hz
0x02EF	0x3001      	MOVLW      1
0x02F0	0x00A7      	MOVWF      FARG_Sound_Play_freq_in_hz+1
0x02F1	0x30C8      	MOVLW      200
0x02F2	0x00A8      	MOVWF      FARG_Sound_Play_duration_ms
0x02F3	0x01A9      	CLRF       FARG_Sound_Play_duration_ms+1
0x02F4	0x21EB      	CALL       _Sound_Play
;Contro_sonido.c,32 :: 		Delay_ms(50);
0x02F5	0x3082      	MOVLW      130
0x02F6	0x00FC      	MOVWF      R12
0x02F7	0x30DD      	MOVLW      221
0x02F8	0x00FD      	MOVWF      R13
L_musica_ganar1:
0x02F9	0x0BFD      	DECFSZ     R13, 1
0x02FA	0x2AF9      	GOTO       L_musica_ganar1
0x02FB	0x0BFC      	DECFSZ     R12, 1
0x02FC	0x2AF9      	GOTO       L_musica_ganar1
0x02FD	0x0000      	NOP
0x02FE	0x0000      	NOP
;Contro_sonido.c,33 :: 		Sound_Play(494,250);
0x02FF	0x30EE      	MOVLW      238
0x0300	0x00A6      	MOVWF      FARG_Sound_Play_freq_in_hz
0x0301	0x3001      	MOVLW      1
0x0302	0x00A7      	MOVWF      FARG_Sound_Play_freq_in_hz+1
0x0303	0x30FA      	MOVLW      250
0x0304	0x00A8      	MOVWF      FARG_Sound_Play_duration_ms
0x0305	0x01A9      	CLRF       FARG_Sound_Play_duration_ms+1
0x0306	0x21EB      	CALL       _Sound_Play
;Contro_sonido.c,34 :: 		}
L_end_musica_ganar:
0x0307	0x0008      	RETURN
; end of _musica_ganar
_musica_perder:
;Contro_sonido.c,36 :: 		void musica_perder() {
;Contro_sonido.c,37 :: 		Sound_Play(392,200);
0x0308	0x3088      	MOVLW      136
0x0309	0x1283      	BCF        STATUS, 5
0x030A	0x1303      	BCF        STATUS, 6
0x030B	0x00A6      	MOVWF      FARG_Sound_Play_freq_in_hz
0x030C	0x3001      	MOVLW      1
0x030D	0x00A7      	MOVWF      FARG_Sound_Play_freq_in_hz+1
0x030E	0x30C8      	MOVLW      200
0x030F	0x00A8      	MOVWF      FARG_Sound_Play_duration_ms
0x0310	0x01A9      	CLRF       FARG_Sound_Play_duration_ms+1
0x0311	0x21EB      	CALL       _Sound_Play
;Contro_sonido.c,38 :: 		Delay_ms(50);
0x0312	0x3082      	MOVLW      130
0x0313	0x00FC      	MOVWF      R12
0x0314	0x30DD      	MOVLW      221
0x0315	0x00FD      	MOVWF      R13
L_musica_perder2:
0x0316	0x0BFD      	DECFSZ     R13, 1
0x0317	0x2B16      	GOTO       L_musica_perder2
0x0318	0x0BFC      	DECFSZ     R12, 1
0x0319	0x2B16      	GOTO       L_musica_perder2
0x031A	0x0000      	NOP
0x031B	0x0000      	NOP
;Contro_sonido.c,39 :: 		Sound_Play(330,200);
0x031C	0x304A      	MOVLW      74
0x031D	0x00A6      	MOVWF      FARG_Sound_Play_freq_in_hz
0x031E	0x3001      	MOVLW      1
0x031F	0x00A7      	MOVWF      FARG_Sound_Play_freq_in_hz+1
0x0320	0x30C8      	MOVLW      200
0x0321	0x00A8      	MOVWF      FARG_Sound_Play_duration_ms
0x0322	0x01A9      	CLRF       FARG_Sound_Play_duration_ms+1
0x0323	0x21EB      	CALL       _Sound_Play
;Contro_sonido.c,40 :: 		Delay_ms(50);
0x0324	0x3082      	MOVLW      130
0x0325	0x00FC      	MOVWF      R12
0x0326	0x30DD      	MOVLW      221
0x0327	0x00FD      	MOVWF      R13
L_musica_perder3:
0x0328	0x0BFD      	DECFSZ     R13, 1
0x0329	0x2B28      	GOTO       L_musica_perder3
0x032A	0x0BFC      	DECFSZ     R12, 1
0x032B	0x2B28      	GOTO       L_musica_perder3
0x032C	0x0000      	NOP
0x032D	0x0000      	NOP
;Contro_sonido.c,41 :: 		Sound_Play(262,300);
0x032E	0x3006      	MOVLW      6
0x032F	0x00A6      	MOVWF      FARG_Sound_Play_freq_in_hz
0x0330	0x3001      	MOVLW      1
0x0331	0x00A7      	MOVWF      FARG_Sound_Play_freq_in_hz+1
0x0332	0x302C      	MOVLW      44
0x0333	0x00A8      	MOVWF      FARG_Sound_Play_duration_ms
0x0334	0x3001      	MOVLW      1
0x0335	0x00A9      	MOVWF      FARG_Sound_Play_duration_ms+1
0x0336	0x21EB      	CALL       _Sound_Play
;Contro_sonido.c,42 :: 		}
L_end_musica_perder:
0x0337	0x0008      	RETURN
; end of _musica_perder
_setup:
;Contro_sonido.c,44 :: 		void setup() {
;Contro_sonido.c,45 :: 		TRISB = 0xFF;
0x0338	0x30FF      	MOVLW      255
0x0339	0x1683      	BSF        STATUS, 5
0x033A	0x1303      	BCF        STATUS, 6
0x033B	0x0086      	MOVWF      TRISB
;Contro_sonido.c,46 :: 		TRISC = 0x00;
0x033C	0x0187      	CLRF       TRISC
;Contro_sonido.c,47 :: 		TRISD.F0 = 0;
0x033D	0x1008      	BCF        TRISD, 0
;Contro_sonido.c,48 :: 		TRISD.F1 = 1;
0x033E	0x1488      	BSF        TRISD, 1
;Contro_sonido.c,49 :: 		TRISD.F2 = 1;
0x033F	0x1508      	BSF        TRISD, 2
;Contro_sonido.c,50 :: 		Sound_Init(&SOUND_PORT, SOUND_PIN);
0x0340	0x3008      	MOVLW      PORTD
0x0341	0x1283      	BCF        STATUS, 5
0x0342	0x00A6      	MOVWF      FARG_Sound_Init_snd_port
0x0343	0x01A7      	CLRF       FARG_Sound_Init_snd_pin
0x0344	0x22BC      	CALL       _Sound_Init
;Contro_sonido.c,51 :: 		PORTC = 0;
0x0345	0x0187      	CLRF       PORTC
;Contro_sonido.c,52 :: 		PORTD = 0;
0x0346	0x0188      	CLRF       PORTD
;Contro_sonido.c,53 :: 		}
L_end_setup:
0x0347	0x0008      	RETURN
; end of _setup
_musica_fondo:
;Contro_sonido.c,22 :: 		void musica_fondo() {
;Contro_sonido.c,23 :: 		Sound_Play(262, 100);
0x0348	0x3006      	MOVLW      6
0x0349	0x1283      	BCF        STATUS, 5
0x034A	0x1303      	BCF        STATUS, 6
0x034B	0x00A6      	MOVWF      FARG_Sound_Play_freq_in_hz
0x034C	0x3001      	MOVLW      1
0x034D	0x00A7      	MOVWF      FARG_Sound_Play_freq_in_hz+1
0x034E	0x3064      	MOVLW      100
0x034F	0x00A8      	MOVWF      FARG_Sound_Play_duration_ms
0x0350	0x3000      	MOVLW      0
0x0351	0x00A9      	MOVWF      FARG_Sound_Play_duration_ms+1
0x0352	0x21EB      	CALL       _Sound_Play
;Contro_sonido.c,24 :: 		Sound_Play(330, 100);
0x0353	0x304A      	MOVLW      74
0x0354	0x00A6      	MOVWF      FARG_Sound_Play_freq_in_hz
0x0355	0x3001      	MOVLW      1
0x0356	0x00A7      	MOVWF      FARG_Sound_Play_freq_in_hz+1
0x0357	0x3064      	MOVLW      100
0x0358	0x00A8      	MOVWF      FARG_Sound_Play_duration_ms
0x0359	0x3000      	MOVLW      0
0x035A	0x00A9      	MOVWF      FARG_Sound_Play_duration_ms+1
0x035B	0x21EB      	CALL       _Sound_Play
;Contro_sonido.c,25 :: 		Sound_Play(392, 100);
0x035C	0x3088      	MOVLW      136
0x035D	0x00A6      	MOVWF      FARG_Sound_Play_freq_in_hz
0x035E	0x3001      	MOVLW      1
0x035F	0x00A7      	MOVWF      FARG_Sound_Play_freq_in_hz+1
0x0360	0x3064      	MOVLW      100
0x0361	0x00A8      	MOVWF      FARG_Sound_Play_duration_ms
0x0362	0x3000      	MOVLW      0
0x0363	0x00A9      	MOVWF      FARG_Sound_Play_duration_ms+1
0x0364	0x21EB      	CALL       _Sound_Play
;Contro_sonido.c,26 :: 		}
L_end_musica_fondo:
0x0365	0x0008      	RETURN
; end of _musica_fondo
_main:
;Contro_sonido.c,55 :: 		void main() {
;Contro_sonido.c,56 :: 		setup();
0x0366	0x2338      	CALL       _setup
;Contro_sonido.c,58 :: 		while (1) {
L_main4:
;Contro_sonido.c,60 :: 		OUT_SALTO = BTN_SALTO;
0x0367	0x1806      	BTFSC      RB0_bit, BitPos(RB0_bit+0)
0x0368	0x2B6B      	GOTO       L__main15
0x0369	0x1007      	BCF        RC0_bit, BitPos(RC0_bit+0)
0x036A	0x2B6C      	GOTO       L__main16
L__main15:
0x036B	0x1407      	BSF        RC0_bit, BitPos(RC0_bit+0)
L__main16:
;Contro_sonido.c,61 :: 		OUT_DOBLE = BTN_DOBLE;
0x036C	0x1886      	BTFSC      RB1_bit, BitPos(RB1_bit+0)
0x036D	0x2B70      	GOTO       L__main17
0x036E	0x1087      	BCF        RC1_bit, BitPos(RC1_bit+0)
0x036F	0x2B71      	GOTO       L__main18
L__main17:
0x0370	0x1487      	BSF        RC1_bit, BitPos(RC1_bit+0)
L__main18:
;Contro_sonido.c,62 :: 		OUT_BAJAR = BTN_BAJAR;
0x0371	0x1906      	BTFSC      RB2_bit, BitPos(RB2_bit+0)
0x0372	0x2B75      	GOTO       L__main19
0x0373	0x1107      	BCF        RC2_bit, BitPos(RC2_bit+0)
0x0374	0x2B76      	GOTO       L__main20
L__main19:
0x0375	0x1507      	BSF        RC2_bit, BitPos(RC2_bit+0)
L__main20:
;Contro_sonido.c,64 :: 		musica_fondo();
0x0376	0x2348      	CALL       _musica_fondo
;Contro_sonido.c,66 :: 		if (WIN_FLAG == 1) { musica_ganar(); Delay_ms(500); }
0x0377	0x1C88      	BTFSS      RD1_bit, BitPos(RD1_bit+0)
0x0378	0x2B88      	GOTO       L_main6
0x0379	0x22D9      	CALL       _musica_ganar
0x037A	0x3006      	MOVLW      6
0x037B	0x00FB      	MOVWF      R11
0x037C	0x3013      	MOVLW      19
0x037D	0x00FC      	MOVWF      R12
0x037E	0x30AD      	MOVLW      173
0x037F	0x00FD      	MOVWF      R13
L_main7:
0x0380	0x0BFD      	DECFSZ     R13, 1
0x0381	0x2B80      	GOTO       L_main7
0x0382	0x0BFC      	DECFSZ     R12, 1
0x0383	0x2B80      	GOTO       L_main7
0x0384	0x0BFB      	DECFSZ     R11, 1
0x0385	0x2B80      	GOTO       L_main7
0x0386	0x0000      	NOP
0x0387	0x0000      	NOP
L_main6:
;Contro_sonido.c,67 :: 		if (LOSE_FLAG == 1) { musica_perder(); Delay_ms(500); }
0x0388	0x1D08      	BTFSS      RD2_bit, BitPos(RD2_bit+0)
0x0389	0x2B99      	GOTO       L_main8
0x038A	0x2308      	CALL       _musica_perder
0x038B	0x3006      	MOVLW      6
0x038C	0x00FB      	MOVWF      R11
0x038D	0x3013      	MOVLW      19
0x038E	0x00FC      	MOVWF      R12
0x038F	0x30AD      	MOVLW      173
0x0390	0x00FD      	MOVWF      R13
L_main9:
0x0391	0x0BFD      	DECFSZ     R13, 1
0x0392	0x2B91      	GOTO       L_main9
0x0393	0x0BFC      	DECFSZ     R12, 1
0x0394	0x2B91      	GOTO       L_main9
0x0395	0x0BFB      	DECFSZ     R11, 1
0x0396	0x2B91      	GOTO       L_main9
0x0397	0x0000      	NOP
0x0398	0x0000      	NOP
L_main8:
;Contro_sonido.c,68 :: 		}
0x0399	0x2B67      	GOTO       L_main4
;Contro_sonido.c,69 :: 		}
L_end_main:
0x039A	0x2B9A      	GOTO       $+0
; end of _main
Symbol List:
//** Routines locations **
//ADDRESS    SIZE    PROCEDURE
//----------------------------------------------
0x0003      [29]    _Div_16X16_U
0x0020      [19]    _Delay_Cyc
0x0033       [9]    _Get_Fosc_kHz
0x003C     [376]    _Div_32x32_U
0x01B4      [55]    _Mul_32x32_U
0x01EB     [209]    _Sound_Play
0x02BC      [29]    _Sound_Init
0x02D9      [47]    _musica_ganar
0x0308      [48]    _musica_perder
0x0338      [16]    _setup
0x0348      [30]    _musica_fondo
0x0366      [53]    _main
//** Variables locations ** 
//ADDRESS    SIZE    VARIABLE
//----------------------------------------------
0x0000       [1]    INDF
0x0003       [1]    STATUS
0x0004       [1]    FSR
0x0006       [0]    RB2_bit
0x0006       [0]    RB0_bit
0x0006       [0]    BTN_BAJAR
0x0006       [0]    BTN_DOBLE
0x0006       [0]    RB1_bit
0x0006       [0]    BTN_SALTO
0x0007       [0]    OUT_BAJAR
0x0007       [1]    PORTC
0x0007       [0]    RC2_bit
0x0007       [0]    OUT_DOBLE
0x0007       [0]    OUT_SALTO
0x0007       [0]    RC1_bit
0x0007       [0]    RC0_bit
0x0008       [0]    WIN_FLAG
0x0008       [0]    RD2_bit
0x0008       [1]    PORTD
0x0008       [0]    RD1_bit
0x0008       [0]    LOSE_FLAG
0x000A       [1]    PCLATH
0x0020       [1]    ___math_tempb
0x0021       [2]    ___DoICPAddr
0x0023       [1]    __Lib_Sound_soundPortAddr
0x0024       [1]    __Lib_Sound_pinMask1
0x0025       [1]    __Lib_Sound_pinMask0
0x0026       [2]    FARG_Sound_Play_freq_in_hz
0x0026       [1]    FARG_Sound_Init_snd_port
0x0027       [1]    FARG_Sound_Init_snd_pin
0x0028       [2]    FARG_Sound_Play_duration_ms
0x002A       [2]    Sound_Play_nc_L0
0x002C       [2]    Sound_Play_i_L0
0x002E       [4]    Sound_Play_per_nc_L0
0x0032       [1]    FARG_Delay_Cyc_cycles_div_by_10
0x0070       [1]    R0
0x0071       [1]    R1
0x0072       [1]    R2
0x0073       [1]    R3
0x0074       [1]    R4
0x0075       [1]    R5
0x0076       [1]    R6
0x0077       [1]    R7
0x0078       [1]    R8
0x0079       [1]    R9
0x007A       [1]    R10
0x007B       [1]    R11
0x007C       [1]    R12
0x007D       [1]    R13
0x007E       [1]    R14
0x007F       [1]    R15
0x0086       [1]    TRISB
0x0087       [1]    TRISC
0x0088       [1]    TRISD
